\BOOKMARK [0][-]{chapter*.5}{\376\377\000\332\000v\000o\000d}{}% 1
\BOOKMARK [0][-]{chapter.1}{\376\377\000C\000\355\000l\000\040\000p\000r\000\341\000c\000e}{}% 2
\BOOKMARK [0][-]{chapter.2}{\376\377\000A\000n\000a\000l\000\375\000z\000a}{}% 3
\BOOKMARK [1][-]{section.2.1}{\376\377\000A\000r\000c\000h\000i\000t\000e\000k\000t\000u\000r\000a\000\040\000I\000o\000T\000\040\000s\000\355\000t\000\355}{chapter.2}% 4
\BOOKMARK [1][-]{section.2.2}{\376\377\000P\000o\000u\001\176\000\355\000v\000a\000n\000\351\000\040\000k\000o\000m\000u\000n\000i\000k\000a\001\015\000n\000\355\000\040\000p\000r\000o\000t\000o\000k\000o\000l\000y}{chapter.2}% 5
\BOOKMARK [1][-]{section.2.3}{\376\377\000B\000e\000z\000p\000e\001\015\000n\000o\000s\000t\000n\000\355\000\040\000s\000l\000a\000b\000i\000n\000y}{chapter.2}% 6
\BOOKMARK [1][-]{section.2.4}{\376\377\000M\000o\001\176\000n\000o\000s\000t\000i\000\040\000d\000e\000t\000e\000k\000c\000e}{chapter.2}% 7
\BOOKMARK [1][-]{section.2.5}{\376\377\000E\000x\000i\000s\000t\000u\000j\000\355\000c\000\355\000\040\001\131\000e\001\141\000e\000n\000\355}{chapter.2}% 8
\BOOKMARK [1][-]{section.2.6}{\376\377\000A\000n\000a\000l\000\375\000z\000a\000\040\000p\000o\001\176\000a\000d\000a\000v\000k\001\157}{chapter.2}% 9
\BOOKMARK [1][-]{section.2.7}{\376\377\000Z\000v\000o\000l\000e\000n\000\351\000\040\001\131\000e\001\141\000e\000n\000\355}{chapter.2}% 10
\BOOKMARK [0][-]{chapter.3}{\376\377\000N\000\341\000v\000r\000h}{}% 11
\BOOKMARK [1][-]{section.3.1}{\376\377\000A\000r\000c\000h\000i\000t\000e\000k\000t\000u\000r\000a}{chapter.3}% 12
\BOOKMARK [1][-]{section.3.2}{\376\377\000K\000o\000l\000e\000k\000t\000o\000r}{chapter.3}% 13
\BOOKMARK [1][-]{section.3.3}{\376\377\000D\000e\000t\000e\000k\000t\000o\000r}{chapter.3}% 14
\BOOKMARK [1][-]{section.3.4}{\376\377\000M\000u\000l\000t\000i\000p\000l\000e\000x\000o\000r\000\040\000a\000\040\000d\000e\000m\000u\000l\000t\000i\000p\000l\000e\000x\000o\000r}{chapter.3}% 15
\BOOKMARK [1][-]{section.3.5}{\376\377\000S\000c\000\351\000n\000\341\001\131\000e\000\040\000\372\000t\000o\000k\001\157}{chapter.3}% 16
\BOOKMARK [0][-]{chapter.4}{\376\377\000R\000e\000a\000l\000i\000z\000a\000c\000e}{}% 17
\BOOKMARK [1][-]{section.4.1}{\376\377\000I\000n\000t\000e\000g\000r\000a\000c\000e\000\040\000k\000o\000l\000e\000k\000t\000o\000r\000u}{chapter.4}% 18
\BOOKMARK [1][-]{section.4.2}{\376\377\000Z\000p\000r\000a\000c\000o\000v\000\341\000n\000\355\000\040\000v\000s\000t\000u\000p\000n\000\355\000c\000h\000\040\000d\000a\000t}{chapter.4}% 19
\BOOKMARK [1][-]{section.4.3}{\376\377\000V\000\375\000p\000o\001\015\000e\000t\000\040\000p\000r\000o\000f\000i\000l\000u}{chapter.4}% 20
\BOOKMARK [1][-]{section.4.4}{\376\377\000D\000e\000t\000e\000k\001\015\000n\000\355\000\040\000f\000u\000n\000k\000c\000e}{chapter.4}% 21
\BOOKMARK [0][-]{chapter.5}{\376\377\000T\000e\000s\000t\000o\000v\000\341\000n\000\355}{}% 22
\BOOKMARK [0][-]{chapter*.6}{\376\377\000Z\000\341\000v\001\033\000r}{}% 23
\BOOKMARK [0][-]{section*.8}{\376\377\000L\000i\000t\000e\000r\000a\000t\000u\000r\000a}{}% 24
\BOOKMARK [0][-]{appendix.A}{\376\377\000S\000e\000z\000n\000a\000m\000\040\000p\000o\000u\001\176\000i\000t\000\375\000c\000h\000\040\000z\000k\000r\000a\000t\000e\000k}{}% 25
\BOOKMARK [0][-]{appendix.B}{\376\377\000O\000b\000s\000a\000h\000\040\000p\001\131\000i\000l\000o\001\176\000e\000n\000\351\000h\000o\000\040\000C\000D}{}% 26
