This is pdfTeX, Version 3.14159265-2.6-1.40.16 (TeX Live 2015/Debian) (preloaded format=pdflatex 2018.1.11)  11 JAN 2018 23:49
entering extended mode
 restricted \write18 enabled.
 %&-line parsing enabled.
**/home/nik/mi-mpr/FITthesis.cls
(/home/nik/mi-mpr/FITthesis.cls
LaTeX2e <2016/02/01>
Babel <3.9q> and hyphenation patterns for 81 language(s) loaded.

LaTeX Warning: You have requested package `',
               but the package provides `FITthesis'.

Package: FITthesis 2013/05/06 CTU FIT standard class for theses

! LaTeX Error: Missing \begin{document}.

See the LaTeX manual or LaTeX Companion for explanation.
Type  H <return>  for immediate help.
 ...                                              
                                                  
l.9 \newif\if@
              thesistypedefined 
Here is how much of TeX's memory you used:
 11 strings out of 493029
 342 string characters out of 6136234
 53042 words of memory out of 5000000
 3644 multiletter control sequences out of 15000+600000
 3640 words of font info for 14 fonts, out of 8000000 for 9000
 1141 hyphenation exceptions out of 8191
 7i,0n,5p,116b,14s stack positions out of 5000i,500n,10000p,200000b,80000s

!  ==> Fatal error occurred, no output PDF file produced!
