This is pdfTeX, Version 3.14159265-2.6-1.40.16 (TeX Live 2015/Debian) (preloaded format=pdflatex 2018.1.11)  15 JAN 2018 17:22
entering extended mode
 restricted \write18 enabled.
 %&-line parsing enabled.
**/home/nik/mi-mpr/navrh
(/home/nik/mi-mpr/navrh.tex
LaTeX2e <2016/02/01>
Babel <3.9q> and hyphenation patterns for 81 language(s) loaded.
! Undefined control sequence.
l.1 \section
            {Architektura IoT sítí} 
Here is how much of TeX's memory you used:
 6 strings out of 493029
 175 string characters out of 6136234
 53042 words of memory out of 5000000
 3641 multiletter control sequences out of 15000+600000
 3640 words of font info for 14 fonts, out of 8000000 for 9000
 1141 hyphenation exceptions out of 8191
 5i,0n,1p,58b,8s stack positions out of 5000i,500n,10000p,200000b,80000s

!  ==> Fatal error occurred, no output PDF file produced!
